,number,value,datetime_start,datetime_complete,duration,params_batch_size,params_gamma,params_learning_rate,state
0,0,-3.5384678999999997,2024-01-23 22:26:50.913460,2024-01-23 22:36:01.081735,0 days 00:09:10.168275,128,0.9,0.008801359015342581,COMPLETE
1,1,-3.6941303999999997,2024-01-23 22:36:01.085725,2024-01-23 22:43:21.138347,0 days 00:07:20.052622,256,0.999,0.002377672183191858,COMPLETE
2,2,0.4538063000000001,2024-01-23 22:43:21.138347,2024-01-23 22:55:36.040661,0 days 00:12:14.902314,128,0.95,3.846887458592866e-05,COMPLETE
3,3,-5.6051367,2024-01-23 22:55:36.042166,2024-01-23 23:07:04.978740,0 days 00:11:28.936574,256,0.95,3.2059379797840814e-05,COMPLETE
4,4,-9.8107566,2024-01-23 23:07:04.979739,2024-01-23 23:14:21.137788,0 days 00:07:16.158049,32,0.9999,0.0004121892552113466,COMPLETE
5,5,-7.7598423,2024-01-23 23:14:21.138787,2024-01-23 23:18:05.685553,0 days 00:03:44.546766,128,0.95,1.132805770657479e-05,PRUNED
6,6,-14.049104199999999,2024-01-23 23:18:05.686553,2024-01-23 23:21:39.439620,0 days 00:03:33.753067,512,0.98,8.238731866314095e-05,PRUNED
7,7,-9.8958956,2024-01-23 23:21:39.440620,2024-01-23 23:26:01.756409,0 days 00:04:22.315789,8,0.995,0.0002172072466557663,PRUNED
8,8,-9.8558535,2024-01-23 23:26:01.757392,2024-01-23 23:30:13.050274,0 days 00:04:11.292882,64,0.99,1.302119333822889e-05,PRUNED
9,9,-5.7313641,2024-01-23 23:30:13.050274,2024-01-23 23:34:16.929024,0 days 00:04:03.878750,16,0.95,0.0004907988741775868,PRUNED
10,10,-9.7654782,2024-01-23 23:34:16.930024,2024-01-23 23:38:08.171592,0 days 00:03:51.241568,128,0.999,7.0695892461313e-05,PRUNED
11,11,-7.7884585,2024-01-23 23:38:08.171592,2024-01-23 23:41:59.754335,0 days 00:03:51.582743,128,0.9,0.006406503332880134,PRUNED
12,12,-5.717009699999998,2024-01-23 23:41:59.755333,2024-01-23 23:45:46.228080,0 days 00:03:46.472747,128,0.9,0.002094371479217991,PRUNED
13,13,-7.7423715,2024-01-23 23:45:46.229050,2024-01-23 23:49:34.535028,0 days 00:03:48.305978,128,0.9,0.009336664565143184,PRUNED
14,14,-5.7990136,2024-01-23 23:49:34.535948,2024-01-23 23:53:23.240214,0 days 00:03:48.704266,512,0.99,0.0011732052716491995,PRUNED
15,15,-1.7289389999999998,2024-01-23 23:53:23.241211,2024-01-24 00:01:17.042760,0 days 00:07:53.801549,16,0.995,0.00013998484519427205,COMPLETE
16,16,-3.653795399999999,2024-01-24 00:01:17.043759,2024-01-24 00:05:21.198597,0 days 00:04:04.154838,16,0.995,0.000104163226473788,PRUNED
17,17,-11.8538597,2024-01-24 00:05:21.198597,2024-01-24 00:09:30.302993,0 days 00:04:09.104396,16,0.995,3.460372133507099e-05,PRUNED
18,18,-11.853113099999998,2024-01-24 00:09:30.304005,2024-01-24 00:13:25.492920,0 days 00:03:55.188915,32,0.9999,0.00018635348841730548,PRUNED
19,19,-11.8958883,2024-01-24 00:13:25.493904,2024-01-24 00:17:20.084320,0 days 00:03:54.590416,64,0.98,3.181023684192357e-05,PRUNED
20,20,-9.8912859,2024-01-24 00:17:20.085331,2024-01-24 00:21:47.732411,0 days 00:04:27.647080,8,0.95,0.0007886616613073831,PRUNED
21,21,-5.822234499999999,2024-01-24 00:21:47.732411,2024-01-24 00:25:53.979102,0 days 00:04:06.246691,16,0.9,0.0002140857402629745,PRUNED
22,22,-11.845559900000001,2024-01-24 00:25:53.980081,2024-01-24 00:29:39.544949,0 days 00:03:45.564868,128,0.995,4.927735798650294e-05,PRUNED
23,23,-13.899687099999998,2024-01-24 00:29:39.544949,2024-01-24 00:33:29.126838,0 days 00:03:49.581889,128,0.995,0.00013530433163148856,PRUNED
24,24,-5.813708699999999,2024-01-24 00:33:29.127842,2024-01-24 00:37:39.223956,0 days 00:04:10.096114,16,0.95,2.051303351973779e-05,PRUNED
25,25,-7.803838399999998,2024-01-24 00:37:39.224957,2024-01-24 00:41:26.480614,0 days 00:03:47.255657,128,0.9,0.005435371920212048,PRUNED
26,26,-9.6920476,2024-01-24 00:41:26.481615,2024-01-24 00:45:28.139582,0 days 00:04:01.657967,32,0.98,0.0006903877224999886,PRUNED
27,27,-5.6041808999999985,2024-01-24 00:45:28.139582,2024-01-24 00:49:52.873421,0 days 00:04:24.733839,8,0.99,0.0026655806113224513,PRUNED
28,28,-5.8349066,2024-01-24 00:49:52.874412,2024-01-24 00:53:44.005744,0 days 00:03:51.131332,256,0.999,0.00012846193324313383,PRUNED
29,29,-9.9124877,2024-01-24 00:53:44.006747,2024-01-24 00:57:32.235163,0 days 00:03:48.228416,512,0.9999,5.4914901015407754e-05,PRUNED
30,30,-5.851699899999999,2024-01-24 00:57:32.236160,2024-01-24 01:01:28.892680,0 days 00:03:56.656520,64,0.999,2.026217493418147e-05,PRUNED
31,31,-5.7647049,2024-01-24 01:01:28.893678,2024-01-24 01:05:14.600011,0 days 00:03:45.706333,256,0.999,0.003926538560122657,PRUNED
32,32,-1.6798123999999994,2024-01-24 01:05:14.601017,2024-01-24 01:12:23.673164,0 days 00:07:09.072147,256,0.999,0.0012570922003433327,COMPLETE
33,33,-11.9269762,2024-01-24 01:12:23.674163,2024-01-24 01:16:07.426868,0 days 00:03:43.752705,256,0.999,0.00138115270958369,PRUNED
34,34,-11.870558800000001,2024-01-24 01:16:07.427488,2024-01-24 01:19:52.889942,0 days 00:03:45.462454,256,0.95,0.002146480085210974,PRUNED
35,35,-3.4695462,2024-01-24 01:19:52.890948,2024-01-24 01:27:04.968643,0 days 00:07:12.077695,256,0.95,0.0003228477418982985,COMPLETE
36,36,-7.652858799999999,2024-01-24 01:27:04.968643,2024-01-24 01:30:57.259344,0 days 00:03:52.290701,256,0.95,0.00033506402455633655,PRUNED
37,37,-7.637167499999999,2024-01-24 01:30:57.260352,2024-01-24 01:34:39.918789,0 days 00:03:42.658437,256,0.95,0.000601047167885677,PRUNED
38,38,-1.7195608999999998,2024-01-24 01:34:39.918789,2024-01-24 01:41:47.127539,0 days 00:07:07.208750,256,0.95,0.0003120427922200267,COMPLETE
39,39,-7.673360299999999,2024-01-24 01:41:47.128539,2024-01-24 01:45:36.896346,0 days 00:03:49.767807,256,0.995,0.0012321205799526694,PRUNED
40,40,-5.747592099999999,2024-01-24 01:45:36.896346,2024-01-24 01:49:41.379399,0 days 00:04:04.483053,16,0.95,0.00016321900177169527,PRUNED
41,41,-7.868090700000001,2024-01-24 01:49:41.379399,2024-01-24 01:53:39.910543,0 days 00:03:58.531144,256,0.95,0.00028225290728052673,PRUNED
42,42,-1.3816910999999994,2024-01-24 01:53:39.911526,2024-01-24 02:00:50.078844,0 days 00:07:10.167318,256,0.95,0.00037425571991739397,COMPLETE
43,43,-3.746361399999999,2024-01-24 02:00:50.079821,2024-01-24 02:04:36.518862,0 days 00:03:46.439041,256,0.95,0.0004852713585531668,PRUNED
44,44,-5.803725200000001,2024-01-24 02:04:36.519852,2024-01-24 02:08:27.193719,0 days 00:03:50.673867,256,0.95,8.747265871140438e-05,PRUNED
45,45,-1.7620359,2024-01-24 02:08:27.193719,2024-01-24 02:15:53.310564,0 days 00:07:26.116845,32,0.999,0.0008803412482950607,COMPLETE
46,46,-1.6889916999999994,2024-01-24 02:15:53.310564,2024-01-24 02:22:56.712259,0 days 00:07:03.401695,512,0.9999,0.00024726548978897716,COMPLETE
47,47,-9.936710600000001,2024-01-24 02:22:56.713258,2024-01-24 02:26:39.317297,0 days 00:03:42.604039,512,0.9999,0.00026650432329194533,PRUNED
48,48,-7.9091716000000005,2024-01-24 02:26:39.317297,2024-01-24 02:30:26.383431,0 days 00:03:47.066134,512,0.9999,0.00048016924049044057,PRUNED
49,49,-7.799262399999999,2024-01-24 02:30:26.384436,2024-01-24 02:34:12.065085,0 days 00:03:45.680649,512,0.9999,0.0009386570206788941,PRUNED
50,50,-3.6594303999999993,2024-01-24 02:34:12.066094,2024-01-24 02:37:57.475210,0 days 00:03:45.409116,512,0.99,0.0017223881112571598,PRUNED
51,51,-11.9626026,2024-01-24 02:37:57.476192,2024-01-24 02:42:00.473562,0 days 00:04:02.997370,16,0.995,0.0003964115374287725,PRUNED
52,52,-5.8907677,2024-01-24 02:42:00.474563,2024-01-24 02:45:52.285440,0 days 00:03:51.810877,64,0.9999,0.00011561352804357731,PRUNED
53,53,-7.650066399999998,2024-01-24 02:45:52.286459,2024-01-24 02:49:43.362440,0 days 00:03:51.075981,128,0.95,6.664621654332015e-05,PRUNED
54,54,-9.8492274,2024-01-24 02:49:43.363441,2024-01-24 02:54:11.235781,0 days 00:04:27.872340,8,0.98,0.0002327360333144965,PRUNED
55,55,-9.826672499999999,2024-01-24 02:54:11.236763,2024-01-24 02:57:57.517238,0 days 00:03:46.280475,256,0.995,0.00015181134296744482,PRUNED
56,56,-5.751910899999999,2024-01-24 02:57:57.518217,2024-01-24 03:02:05.983573,0 days 00:04:08.465356,16,0.95,4.006757929593919e-05,PRUNED
57,57,-9.6822966,2024-01-24 03:02:05.983573,2024-01-24 03:05:57.050841,0 days 00:03:51.067268,128,0.999,0.00019932390226163853,PRUNED
58,58,-7.759784999999999,2024-01-24 03:05:57.051822,2024-01-24 03:09:40.890331,0 days 00:03:43.838509,512,0.9999,0.0005956379903789778,PRUNED
59,59,-11.8433706,2024-01-24 03:09:40.890331,2024-01-24 03:13:36.036418,0 days 00:03:55.146087,32,0.95,2.404826622310793e-05,PRUNED
60,60,-11.844844799999997,2024-01-24 03:13:36.037466,2024-01-24 03:17:25.579115,0 days 00:03:49.541649,256,0.99,9.746076295377136e-05,PRUNED
61,61,-7.8858264999999985,2024-01-24 03:17:25.580127,2024-01-24 03:21:18.324052,0 days 00:03:52.743925,32,0.999,0.0009126210678392682,PRUNED
62,62,-11.963504799999999,2024-01-24 03:21:18.325020,2024-01-24 03:25:15.439140,0 days 00:03:57.114120,32,0.999,1.2801596743188792e-05,PRUNED
63,63,-5.800982099999999,2024-01-24 03:25:15.440155,2024-01-24 03:29:15.039911,0 days 00:03:59.599756,32,0.999,0.0009017386136099932,PRUNED
64,64,-3.4599713000000003,2024-01-24 03:29:15.040912,2024-01-24 03:33:12.542649,0 days 00:03:57.501737,32,0.999,0.000368719452545461,PRUNED
65,65,-5.8301781,2024-01-24 03:33:12.543650,2024-01-24 03:37:19.817298,0 days 00:04:07.273648,16,0.9,0.0027657519240653124,PRUNED
66,66,-3.668040799999999,2024-01-24 03:37:19.817298,2024-01-24 03:41:15.039467,0 days 00:03:55.222169,128,0.995,0.0006511861602206325,PRUNED
67,67,-3.7096058,2024-01-24 03:41:15.040505,2024-01-24 03:45:44.265761,0 days 00:04:29.225256,8,0.98,0.0002539103613557226,PRUNED
68,68,-9.7115159,2024-01-24 03:45:44.265761,2024-01-24 03:49:30.590719,0 days 00:03:46.324958,64,0.999,0.0015684925408004184,PRUNED
69,69,-3.7683764999999996,2024-01-24 03:49:30.591724,2024-01-24 03:53:23.209957,0 days 00:03:52.618233,256,0.95,0.0004359180205450684,PRUNED
70,70,-5.854039299999999,2024-01-24 03:53:23.210936,2024-01-24 03:57:10.390923,0 days 00:03:47.179987,128,0.995,0.00016156978843246512,PRUNED
71,71,-5.8498715,2024-01-24 03:57:10.391932,2024-01-24 04:00:58.010378,0 days 00:03:47.618446,256,0.95,0.00032909254325603604,PRUNED
72,72,-9.869788999999999,2024-01-24 04:00:58.011377,2024-01-24 04:04:48.276128,0 days 00:03:50.264751,256,0.95,0.0003130672116685464,PRUNED
73,73,-9.784219599999998,2024-01-24 04:04:48.276128,2024-01-24 04:08:32.593676,0 days 00:03:44.317548,256,0.95,0.0011255830996641162,PRUNED
74,74,-11.9983879,2024-01-24 04:08:32.593676,2024-01-24 04:12:20.412481,0 days 00:03:47.818805,256,0.95,0.0005502160191486554,PRUNED
75,75,-7.7803249999999995,2024-01-24 04:12:20.413487,2024-01-24 04:16:07.667682,0 days 00:03:47.254195,256,0.95,0.0007297509338911936,PRUNED
76,76,-13.8762498,2024-01-24 04:16:07.668682,2024-01-24 04:20:19.298008,0 days 00:04:11.629326,16,0.999,0.00018524012938221572,PRUNED
77,77,-3.8150563999999996,2024-01-24 04:20:19.298008,2024-01-24 04:24:18.382130,0 days 00:03:59.084122,32,0.9999,0.00040107264824764907,PRUNED
78,78,-1.7625759999999997,2024-01-24 04:24:18.383109,2024-01-24 04:28:01.852498,0 days 00:03:43.469389,512,0.9,0.00023732433444610457,PRUNED
79,79,-5.722108899999999,2024-01-24 04:28:01.852498,2024-01-24 04:31:55.346160,0 days 00:03:53.493662,256,0.95,1.0255295458981543e-05,PRUNED
80,80,-9.843304,2024-01-24 04:31:55.347161,2024-01-24 04:35:40.949269,0 days 00:03:45.602108,256,0.99,0.00013618849652875735,PRUNED
81,81,-5.7907782,2024-01-24 04:35:40.950280,2024-01-24 04:39:31.533227,0 days 00:03:50.582947,128,0.9,0.006947600139990873,PRUNED
82,82,-7.8359527,2024-01-24 04:39:31.533227,2024-01-24 04:43:25.382142,0 days 00:03:53.848915,128,0.9,0.003985182812733544,PRUNED
83,83,-9.9161055,2024-01-24 04:43:25.383142,2024-01-24 04:47:14.012315,0 days 00:03:48.629173,128,0.9,7.429887019067074e-05,PRUNED
84,84,-5.684025000000001,2024-01-24 04:47:14.013315,2024-01-24 04:50:59.822018,0 days 00:03:45.808703,128,0.995,0.0002705274719961766,PRUNED
85,85,-9.7908972,2024-01-24 04:50:59.823018,2024-01-24 04:55:00.597580,0 days 00:04:00.774562,16,0.98,0.007583373408601878,PRUNED
86,86,-7.708244299999999,2024-01-24 04:55:00.598583,2024-01-24 04:58:45.562908,0 days 00:03:44.964325,512,0.95,1.6341187983627333e-05,PRUNED
87,87,-12.036811599999998,2024-01-24 04:58:45.562908,2024-01-24 05:03:07.813052,0 days 00:04:22.250144,8,0.9999,0.0004841221912006797,PRUNED
88,88,-7.895556999999999,2024-01-24 05:03:07.814057,2024-01-24 05:06:53.254653,0 days 00:03:45.440596,256,0.999,0.003185273471814169,PRUNED
89,89,-5.8176533,2024-01-24 05:06:53.255635,2024-01-24 05:10:43.974479,0 days 00:03:50.718844,64,0.95,0.005156734291331508,PRUNED
90,90,-3.7612769999999998,2024-01-24 05:10:43.975549,2024-01-24 05:14:29.162156,0 days 00:03:45.186607,128,0.9,5.2069810154427376e-05,PRUNED
91,91,-7.648247,2024-01-24 05:14:29.163156,2024-01-24 05:18:16.190801,0 days 00:03:47.027645,256,0.999,0.0011427373874278526,PRUNED
92,92,-9.765162,2024-01-24 05:18:16.191801,2024-01-24 05:22:02.247273,0 days 00:03:46.055472,256,0.999,0.001899522333794228,PRUNED
93,93,-9.839967999999999,2024-01-24 05:22:02.248270,2024-01-24 05:25:50.003041,0 days 00:03:47.754771,256,0.999,0.0014501448108179885,PRUNED
94,94,0.3126949000000001,2024-01-24 05:25:50.004039,2024-01-24 05:33:03.543962,0 days 00:07:13.539923,256,0.999,0.0025078653225387884,COMPLETE
95,95,-9.8169577,2024-01-24 05:33:03.544963,2024-01-24 05:36:52.496928,0 days 00:03:48.951965,256,0.999,0.0007900024647847321,PRUNED
96,96,-16.058029299999998,2024-01-24 05:36:52.497920,2024-01-24 05:40:51.925980,0 days 00:03:59.428060,32,0.995,0.00019603406545270623,PRUNED
97,97,-1.7572927999999997,2024-01-24 05:40:51.927980,2024-01-24 05:44:40.304269,0 days 00:03:48.376289,512,0.9999,0.00891922944696771,PRUNED
98,98,-11.971636399999998,2024-01-24 05:44:40.304269,2024-01-24 05:48:47.884488,0 days 00:04:07.580219,16,0.95,0.002478013209809388,PRUNED
99,99,-12.060663900000002,2024-01-24 05:48:47.885486,2024-01-24 05:52:37.651193,0 days 00:03:49.765707,256,0.999,0.00030706275785244685,PRUNED
