,number,value,datetime_start,datetime_complete,duration,params_batch_size,params_gamma,params_learning_rate,state
0,0,-18.015154799999998,2024-01-24 21:53:23.221835,2024-01-24 22:13:22.564206,0 days 00:19:59.342371,32,0.99,7.090112866037493e-05,COMPLETE
1,1,-19.691477999999996,2024-01-24 22:13:22.576206,2024-01-24 22:32:44.019343,0 days 00:19:21.443137,32,0.9999,0.0006117511521252276,COMPLETE
2,2,-18.0216632,2024-01-24 22:32:44.020344,2024-01-24 22:47:42.086377,0 days 00:14:58.066033,32,0.9,0.00395420246378144,COMPLETE
3,3,-18.009579300000002,2024-01-24 22:47:42.087330,2024-01-24 23:02:40.582955,0 days 00:14:58.495625,256,0.99,0.0015800300351645471,COMPLETE
4,4,-18.022365999999998,2024-01-24 23:02:40.583955,2024-01-24 23:17:37.135864,0 days 00:14:56.551909,128,0.9999,1.673916306426122e-05,COMPLETE
5,5,-18.015973,2024-01-24 23:17:37.136865,2024-01-24 23:32:32.520760,0 days 00:14:55.383895,256,0.99,0.009947796932820262,COMPLETE
6,6,-18.0107318,2024-01-24 23:32:32.521760,2024-01-24 23:47:28.723179,0 days 00:14:56.201419,256,0.95,0.0008171096834220038,COMPLETE
7,7,-18.0223705,2024-01-24 23:47:28.724179,2024-01-24 23:55:27.149409,0 days 00:07:58.425230,512,0.98,0.0012839678149435454,PRUNED
8,8,-19.691477999999996,2024-01-24 23:55:27.150410,2024-01-25 00:03:20.925648,0 days 00:07:53.775238,100,0.995,0.00012462011796774474,PRUNED
9,9,-9.7668385,2024-01-25 00:03:20.927649,2024-01-25 00:18:17.959713,0 days 00:14:57.032064,16,0.999,0.002603439330966818,COMPLETE
10,10,-19.691477999999996,2024-01-25 00:18:17.961714,2024-01-25 00:26:15.359434,0 days 00:07:57.397720,16,0.999,0.00020386701182924726,PRUNED
11,11,-1.3794232999999996,2024-01-25 00:26:15.360433,2024-01-25 00:41:13.675532,0 days 00:14:58.315099,16,0.999,0.002716872110669276,COMPLETE
12,12,-18.0121651,2024-01-25 00:41:13.676534,2024-01-25 00:56:11.026965,0 days 00:14:57.350431,16,0.999,0.004689806947901322,COMPLETE
13,13,-19.0796999,2024-01-25 00:56:11.027967,2024-01-25 01:04:05.891600,0 days 00:07:54.863633,16,0.999,0.0025046193809133005,PRUNED
14,14,0.7284904999999999,2024-01-25 01:04:05.892603,2024-01-25 01:19:00.970057,0 days 00:14:55.077454,64,0.999,0.009744692820945165,COMPLETE
15,15,-18.012926899999997,2024-01-25 01:19:00.971056,2024-01-25 01:26:57.738939,0 days 00:07:56.767883,64,0.999,0.005616889938608415,PRUNED
16,16,-5.532477,2024-01-25 01:26:57.739941,2024-01-25 01:41:57.745308,0 days 00:15:00.005367,64,0.995,0.008477815456186498,COMPLETE
17,17,-18.0196878,2024-01-25 01:41:57.746306,2024-01-25 01:49:53.234203,0 days 00:07:55.487897,64,0.9,0.0004823765102269477,PRUNED
18,18,-18.0156813,2024-01-25 01:49:53.235206,2024-01-25 01:57:51.425214,0 days 00:07:58.190008,512,0.98,4.434458305967478e-05,PRUNED
19,19,-18.0165581,2024-01-25 01:57:51.426214,2024-01-25 02:05:48.450316,0 days 00:07:57.024102,128,0.95,0.001985239947680023,PRUNED
20,20,-13.9527538,2024-01-25 02:05:48.451316,2024-01-25 02:20:42.542166,0 days 00:14:54.090850,64,0.999,0.0002507826575213561,COMPLETE
21,21,-19.691477999999996,2024-01-25 02:20:42.543166,2024-01-25 02:28:34.045120,0 days 00:07:51.501954,64,0.995,0.009217353136962836,PRUNED
22,22,-18.017427599999998,2024-01-25 02:28:34.047120,2024-01-25 02:36:30.149818,0 days 00:07:56.102698,64,0.995,0.005996027807192917,PRUNED
23,23,-7.6465369999999995,2024-01-25 02:36:30.150818,2024-01-25 02:51:25.753807,0 days 00:14:55.602989,100,0.995,0.009520249376812584,COMPLETE
24,24,-18.0170778,2024-01-25 02:51:25.754807,2024-01-25 02:59:22.332937,0 days 00:07:56.578130,64,0.999,0.003600646222231252,PRUNED
25,25,-19.691538,2024-01-25 02:59:22.333939,2024-01-25 03:07:19.015433,0 days 00:07:56.681494,64,0.995,0.0009256653525280125,PRUNED
26,26,-7.653236599999998,2024-01-25 03:07:19.016435,2024-01-25 03:22:12.128940,0 days 00:14:53.112505,16,0.999,0.006465241781335131,COMPLETE
27,27,-18.0160059,2024-01-25 03:22:12.129940,2024-01-25 03:30:04.882991,0 days 00:07:52.753051,64,0.98,0.002849073486556316,PRUNED
28,28,-18.0094775,2024-01-25 03:30:04.883991,2024-01-25 03:45:01.924063,0 days 00:14:57.040072,100,0.9999,0.0013935606389634092,COMPLETE
29,29,-18.013152199999997,2024-01-25 03:45:01.925065,2024-01-25 03:52:58.111357,0 days 00:07:56.186292,128,0.9,0.006022528017580794,PRUNED
30,30,-18.0159004,2024-01-25 03:52:58.112355,2024-01-25 04:00:52.540839,0 days 00:07:54.428484,512,0.99,5.8708188211251144e-05,PRUNED
31,31,-11.8925047,2024-01-25 04:00:52.541840,2024-01-25 04:16:01.908766,0 days 00:15:09.366926,100,0.995,0.009561818190311717,COMPLETE
32,32,-19.4559197,2024-01-25 04:16:01.909766,2024-01-25 04:24:07.678968,0 days 00:08:05.769202,100,0.995,0.007281759941968031,PRUNED
33,33,-3.5433996,2024-01-25 04:24:07.680961,2024-01-25 04:39:04.676697,0 days 00:14:56.995736,32,0.995,0.00369112465216513,COMPLETE
34,34,-18.0130775,2024-01-25 04:39:04.677700,2024-01-25 04:46:59.625137,0 days 00:07:54.947437,32,0.995,0.0038735282739332058,PRUNED
35,35,-18.0158284,2024-01-25 04:46:59.626139,2024-01-25 04:54:53.803351,0 days 00:07:54.177212,32,0.95,0.0037704111304391543,PRUNED
36,36,-9.7638711,2024-01-25 04:54:53.804352,2024-01-25 05:09:44.649626,0 days 00:14:50.845274,32,0.9999,0.0004348267519196242,COMPLETE
37,37,-16.117209499999998,2024-01-25 05:09:44.650628,2024-01-25 05:17:39.823932,0 days 00:07:55.173304,32,0.99,0.0018185559711107041,PRUNED
38,38,-3.5206429,2024-01-25 05:17:39.824933,2024-01-25 05:32:36.543364,0 days 00:14:56.718431,256,0.999,0.001010215279943882,COMPLETE
39,39,-5.571774,2024-01-25 05:32:36.544364,2024-01-25 05:47:36.730915,0 days 00:15:00.186551,256,0.999,0.0009288639579785001,COMPLETE
40,40,-18.010713,2024-01-25 05:47:36.731921,2024-01-25 05:55:35.854044,0 days 00:07:59.122123,256,0.999,0.000735354009600691,PRUNED
41,41,-19.691477999999996,2024-01-25 05:55:35.855044,2024-01-25 06:03:30.021210,0 days 00:07:54.166166,256,0.999,0.0029202014774318955,PRUNED
42,42,-19.691477999999996,2024-01-25 06:03:30.022210,2024-01-25 06:11:25.234085,0 days 00:07:55.211875,256,0.995,0.001254841972463583,PRUNED
43,43,-18.0177345,2024-01-25 06:11:25.235085,2024-01-25 06:19:17.219719,0 days 00:07:51.984634,32,0.9,0.002025275594475431,PRUNED
44,44,-19.691477999999996,2024-01-25 06:19:17.220674,2024-01-25 06:27:10.745572,0 days 00:07:53.524898,16,0.999,1.1115086515913794e-05,PRUNED
45,45,-18.0184425,2024-01-25 06:27:10.746575,2024-01-25 06:35:05.585773,0 days 00:07:54.839198,16,0.999,0.004603678110619656,PRUNED
46,46,-18.0173137,2024-01-25 06:35:05.586775,2024-01-25 06:43:02.106418,0 days 00:07:56.519643,256,0.9999,0.0074541411468341725,PRUNED
47,47,-19.691477999999996,2024-01-25 06:43:02.107418,2024-01-25 06:51:01.102879,0 days 00:07:58.995461,64,0.95,0.004283558862729917,PRUNED
48,48,-18.014243999999998,2024-01-25 06:51:01.103881,2024-01-25 06:58:56.290263,0 days 00:07:55.186382,128,0.98,0.0026111217741721887,PRUNED
49,49,-18.018294700000002,2024-01-25 06:58:56.291263,2024-01-25 07:06:50.232732,0 days 00:07:53.941469,512,0.999,0.005046410602857603,PRUNED
50,50,-18.0209881,2024-01-25 07:06:50.233735,2024-01-25 07:14:43.630430,0 days 00:07:53.396695,32,0.995,0.001297707036022946,PRUNED
51,51,-18.0196826,2024-01-25 07:14:43.631432,2024-01-25 07:22:37.004786,0 days 00:07:53.373354,256,0.999,0.0009567408040839336,PRUNED
52,52,-19.691477999999996,2024-01-25 07:22:37.005788,2024-01-25 07:30:31.871197,0 days 00:07:54.865409,256,0.999,0.00048524648999243974,PRUNED
53,53,-18.021240799999998,2024-01-25 07:30:31.873197,2024-01-25 07:38:26.989136,0 days 00:07:55.115939,256,0.999,0.00015576443102988403,PRUNED
54,54,-18.020011399999998,2024-01-25 07:38:26.991136,2024-01-25 07:46:21.564608,0 days 00:07:54.573472,64,0.999,0.0002999771003030738,PRUNED
55,55,-7.681641999999999,2024-01-25 07:46:21.565608,2024-01-25 08:01:24.063703,0 days 00:15:02.498095,256,0.99,0.0021936538616900807,COMPLETE
56,56,-18.0181302,2024-01-25 08:01:24.064703,2024-01-25 08:09:16.326129,0 days 00:07:52.261426,16,0.999,0.0006210057176428114,PRUNED
57,57,-19.691477999999996,2024-01-25 08:09:16.327130,2024-01-25 08:17:09.878813,0 days 00:07:53.551683,64,0.995,0.003265493367656635,PRUNED
58,58,-18.017132800000002,2024-01-25 08:17:09.879813,2024-01-25 08:25:03.574612,0 days 00:07:53.694799,16,0.999,0.0016483411698651723,PRUNED
59,59,-19.691477999999996,2024-01-25 08:25:03.575612,2024-01-25 08:32:57.607548,0 days 00:07:54.031936,64,0.9,0.007564340223115552,PRUNED
60,60,-18.0172919,2024-01-25 08:32:57.608548,2024-01-25 08:40:52.004409,0 days 00:07:54.395861,256,0.98,0.005045535178366896,PRUNED
61,61,-18.0114175,2024-01-25 08:40:52.005410,2024-01-25 08:48:47.588729,0 days 00:07:55.583319,100,0.995,0.009399118251285627,PRUNED
62,62,-18.014980599999998,2024-01-25 08:48:47.589730,2024-01-25 08:56:45.313642,0 days 00:07:57.723912,100,0.995,0.009880849341332296,PRUNED
63,63,-18.0175489,2024-01-25 08:56:45.314593,2024-01-25 09:04:37.129457,0 days 00:07:51.814864,100,0.995,0.0069153942797822885,PRUNED
64,64,-18.0120428,2024-01-25 09:04:37.131457,2024-01-25 09:12:29.468676,0 days 00:07:52.337219,512,0.995,0.001056807945847277,PRUNED
65,65,-9.790916499999998,2024-01-25 09:12:29.469650,2024-01-25 09:27:25.756616,0 days 00:14:56.286966,128,0.999,0.007590256493109953,COMPLETE
66,66,-13.926943900000001,2024-01-25 09:27:25.757615,2024-01-25 09:35:21.255378,0 days 00:07:55.497763,64,0.995,0.005524402178686371,PRUNED
67,67,-7.6512835,2024-01-25 09:35:21.256380,2024-01-25 09:50:21.457009,0 days 00:15:00.200629,100,0.999,0.0034104012981111655,COMPLETE
68,68,-11.8437562,2024-01-25 09:50:21.458009,2024-01-25 09:58:19.702197,0 days 00:07:58.244188,32,0.95,0.006084130674833248,PRUNED
69,69,-7.7111440999999985,2024-01-25 09:58:19.704198,2024-01-25 10:13:21.956514,0 days 00:15:02.252316,16,0.9999,0.002337890779403597,COMPLETE
70,70,-7.6532388,2024-01-25 10:13:21.958514,2024-01-25 10:28:18.374060,0 days 00:14:56.415546,64,0.995,0.00040099696060108645,COMPLETE
71,71,-18.0121096,2024-01-25 10:28:18.376062,2024-01-25 10:36:12.841792,0 days 00:07:54.465730,100,0.999,0.0036125015509892986,PRUNED
72,72,-18.0102161,2024-01-25 10:36:12.842794,2024-01-25 10:44:06.295990,0 days 00:07:53.453196,100,0.999,0.004335173169284105,PRUNED
73,73,-18.0137329,2024-01-25 10:44:06.296993,2024-01-25 10:51:58.731855,0 days 00:07:52.434862,100,0.999,0.008100380366027178,PRUNED
74,74,-9.797926100000002,2024-01-25 10:51:58.732863,2024-01-25 10:59:54.116373,0 days 00:07:55.383510,100,0.999,0.0031596269688668323,PRUNED
75,75,-18.0199462,2024-01-25 10:59:54.117376,2024-01-25 11:07:49.850586,0 days 00:07:55.733210,256,0.99,0.0015475001279418768,PRUNED
76,76,-19.086489,2024-01-25 11:07:49.852588,2024-01-25 11:15:46.789063,0 days 00:07:56.936475,32,0.999,0.000654811706039993,PRUNED
77,77,-16.0896739,2024-01-25 11:15:46.790063,2024-01-25 11:23:39.763368,0 days 00:07:52.973305,100,0.995,0.00010420934707581696,PRUNED
78,78,-18.023432500000002,2024-01-25 11:23:39.764370,2024-01-25 11:31:31.292324,0 days 00:07:51.527954,64,0.9,3.4201902672917445e-05,PRUNED
79,79,-18.012278499999997,2024-01-25 11:31:31.293324,2024-01-25 11:39:23.405839,0 days 00:07:52.112515,16,0.999,0.0011061074896117932,PRUNED
80,80,-9.7906127,2024-01-25 11:39:23.406808,2024-01-25 11:47:17.589407,0 days 00:07:54.182599,256,0.98,0.000789644170753541,PRUNED
81,81,-18.0164028,2024-01-25 11:47:17.590409,2024-01-25 11:55:14.651147,0 days 00:07:57.060738,16,0.999,0.006714604562493311,PRUNED
82,82,-18.0156912,2024-01-25 11:55:14.652149,2024-01-25 12:03:10.332435,0 days 00:07:55.680286,16,0.999,0.005752768427982754,PRUNED
83,83,-7.650660999999998,2024-01-25 12:03:10.333435,2024-01-25 12:18:04.739538,0 days 00:14:54.406103,16,0.999,0.008300739766637238,COMPLETE
84,84,-19.691477999999996,2024-01-25 12:18:04.740538,2024-01-25 12:26:11.509719,0 days 00:08:06.769181,16,0.999,0.008424778666555268,PRUNED
85,85,-9.795071799999999,2024-01-25 12:26:11.510721,2024-01-25 12:34:06.213344,0 days 00:07:54.702623,128,0.999,0.0042638714009825985,PRUNED
86,86,-18.015918999999997,2024-01-25 12:34:06.214344,2024-01-25 12:41:57.938059,0 days 00:07:51.723715,512,0.995,0.005109167899063278,PRUNED
87,87,-18.0162175,2024-01-25 12:41:57.939059,2024-01-25 12:49:50.084875,0 days 00:07:52.145816,32,0.95,0.008666895041084298,PRUNED
88,88,-18.0148373,2024-01-25 12:49:50.085877,2024-01-25 12:57:47.265829,0 days 00:07:57.179952,64,0.999,0.0027218137253342883,PRUNED
89,89,-5.5212305,2024-01-25 12:57:47.266830,2024-01-25 13:13:43.481873,0 days 00:15:56.215043,256,0.9999,0.0018260131046844005,COMPLETE
90,90,-18.015270199999996,2024-01-25 13:13:43.483837,2024-01-25 13:23:50.016583,0 days 00:10:06.532746,256,0.9999,0.0017726861754265104,PRUNED
91,91,-9.8181599,2024-01-25 13:23:50.018555,2024-01-25 13:32:04.531682,0 days 00:08:14.513127,256,0.9999,0.0020480523861810883,PRUNED
92,92,-18.017166500000002,2024-01-25 13:32:04.532682,2024-01-25 13:40:44.927202,0 days 00:08:40.394520,256,0.9999,0.003094989844204917,PRUNED
93,93,-18.015681199999996,2024-01-25 13:40:44.927202,2024-01-25 13:49:24.330743,0 days 00:08:39.403541,256,0.9999,0.0014049146676337013,PRUNED
94,94,-18.0162703,2024-01-25 13:49:24.330743,2024-01-25 13:57:41.049075,0 days 00:08:16.718332,16,0.999,0.0025462388334462783,PRUNED
95,95,-19.691477999999996,2024-01-25 13:57:41.049075,2024-01-25 14:06:08.892287,0 days 00:08:27.843212,100,0.995,0.006462004939489208,PRUNED
96,96,-18.012757799999996,2024-01-25 14:06:08.892287,2024-01-25 14:14:54.403544,0 days 00:08:45.511257,256,0.99,0.0036223169129723713,PRUNED
97,97,-18.0113722,2024-01-25 14:14:54.403544,2024-01-25 14:23:34.644374,0 days 00:08:40.240830,64,0.999,0.0011892609854247957,PRUNED
98,98,-18.013750899999998,2024-01-25 14:23:34.644374,2024-01-25 14:32:12.999109,0 days 00:08:38.354735,32,0.995,0.004687077720289249,PRUNED
99,99,-19.691477999999996,2024-01-25 14:32:12.999109,2024-01-25 14:40:52.180822,0 days 00:08:39.181713,16,0.999,0.009810177566682185,PRUNED
